=== JOB: Test failure handling (status=FAILED) ===
[2026/07/23 22:19:21.153 GMT+08:00] [INFO] Job(1529976237059743744_1529976237026189319) duration check: true
[2026/07/23 14:19:33.853 GMT+00:00] [INFO] repository dist full path is /home/slave1/runner/workers/0.0.4.4.version/worker_dir/ComputingActionTest/gitcode-test-0
Getting Git version info >>>>>>>>>>>>>>>>>>>>>>>>>>>>>>>>>>>>>>>>>>>>>>>>>>>>>>>>>>>>>>>>>>>>>>>>>>>>>>>>>>>>>>>>>>>>>>>>>>>>>>>>>>>>>>>>>>>>>>>>>>>>>>>>>>>>>>>>>>>>>>>>>>>>>>>>>>>>>>>>>>>>>>>>>>>>>>>
[2026/07/23 14:19:33.858 GMT+00:00] [INFO] run git command --> git version
[2026/07/23 14:19:33.866 GMT+00:00] [INFO] run git command stdout --> git version 2.43.0

[2026/07/23 14:19:33.867 GMT+00:00] [INFO] Deleting the contents of '/home/slave1/runner/workers/0.0.4.4.version/worker_dir/ComputingActionTest/gitcode-test-0'
initialize git repository >>>>>>>>>>>>>>>>>>>>>>>>>>>>>>>>>>>>>>>>>>>>>>>>>>>>>>>>>>>>>>>>>>>>>>>>>>>>>>>>>>>>>>>>>>>>>>>>>>>>>>>>>>>>>>>>>>>>>>>>>>>>>>>>>>>>>>>>>>>>>>>>>>>>>>>>>>>>>>>>>>>>>>>>>>>>>>
[2026/07/23 14:19:33.869 GMT+00:00] [INFO] run git command --> git init
[2026/07/23 14:19:33.874 GMT+00:00] [INFO] run git command stdout --> Initialized empty Git repository in /home/slave1/runner/workers/0.0.4.4.version/worker_dir/ComputingActionTest/gitcode-test-0/.git/
[2026/07/23 14:19:33.874 GMT+00:00] [INFO] run git command --> git remote add origin https://gitcode.com/ComputingActionTest/gitcode-test-0.git
[2026/07/23 14:19:33.882 GMT+00:00] [INFO] git repository initialized at /home/slave1/runner/workers/0.0.4.4.version/worker_dir/ComputingActionTest/gitcode-test-0

Disabling automatic garbage collection >>>>>>>>>>>>>>>>>>>>>>>>>>>>>>>>>>>>>>>>>>>>>>>>>>>>>>>>>>>>>>>>>>>>>>>>>>>>>>>>>>>>>>>>>>>>>>>>>>>>>>>>>>>>>>>>>>>>>>>>>>>>>>>>>>>>>>>>>>>>>>>>>>>>>>>>>>>>>>>>>
[2026/07/23 14:19:33.883 GMT+00:00] [INFO] run git command --> git config --local gc.auto 0

Setting up auth >>>>>>>>>>>>>>>>>>>>>>>>>>>>>>>>>>>>>>>>>>>>>>>>>>>>>>>>>>>>>>>>>>>>>>>>>>>>>>>>>>>>>>>>>>>>>>>>>>>>>>>>>>>>>>>>>>>>>>>>>>>>>>>>>>>>>>>>>>>>>>>>>>>>>>>>>>>>>>>>>>>>>>>>>>>>>>>>>>>>>>>>
[2026/07/23 14:19:33.887 GMT+00:00] [INFO] Removing SSH command configuration
[2026/07/23 14:19:33.887 GMT+00:00] [INFO] run git command --> git config --local --name-only --get-regexp core\.sshCommand
[2026/07/23 14:19:33.892 GMT+00:00] [INFO] run git command --> git submodule foreach --recursive 'sh -c "git config --local --name-only --get-regexp 'core\.sshCommand' && git config --local --unset-all 'core.sshCommand' || :"'
[2026/07/23 14:19:33.912 GMT+00:00] [INFO] Removing HTTP extra header
[2026/07/23 14:19:33.913 GMT+00:00] [INFO] run git command --> git config --local --name-only --get-regexp http\.https\:\/\/gitcode\.com\/\.extraheader
[2026/07/23 14:19:33.917 GMT+00:00] [INFO] run git command --> git submodule foreach --recursive 'sh -c "git config --local --name-only --get-regexp 'http\.https\:\/\/gitcode\.com\/\.extraheader' && git config --local --unset-all 'http.https://gitcode.com/.extraheader' || :"'
[2026/07/23 14:19:33.938 GMT+00:00] [INFO] Removing includeIf entries pointing to credentials config files
[2026/07/23 14:19:33.946 GMT+00:00] [INFO] run git command --> git submodule foreach --recursive 'git config --local --show-origin --name-only --get-regexp remote.origin.url'
[2026/07/23 14:19:33.968 GMT+00:00] [INFO] configuring token
[2026/07/23 14:19:33.974 GMT+00:00] [INFO] configuring token config local

Start fetch git repo >>>>>>>>>>>>>>>>>>>>>>>>>>>>>>>>>>>>>>>>>>>>>>>>>>>>>>>>>>>>>>>>>>>>>>>>>>>>>>>>>>>>>>>>>>>>>>>>>>>>>>>>>>>>>>>>>>>>>>>>>>>>>>>>>>>>>>>>>>>>>>>>>>>>>>>>>>>>>>>>>>>>>>>>>>>>>>>>>>>
[2026/07/23 14:19:33.986 GMT+00:00] [INFO] run git command --> git -c protocol.version=2 fetch --no-tags --prune --no-recurse-submodules --progress --depth=1 origin +refs/heads/main*:refs/remotes/origin/main* +refs/tags/main*:refs/tags/main*

Checking out the ref >>>>>>>>>>>>>>>>>>>>>>>>>>>>>>>>>>>>>>>>>>>>>>>>>>>>>>>>>>>>>>>>>>>>>>>>>>>>>>>>>>>>>>>>>>>>>>>>>>>>>>>>>>>>>>>>>>>>>>>>>>>>>>>>>>>>>>>>>>>>>>>>>>>>>>>>>>>>>>>>>>>>>>>>>>>>>>>>>>>
[2026/07/23 14:19:34.525 GMT+00:00] [INFO] run git command --> git branch --list --remote origin/main
[2026/07/23 14:19:34.529 GMT+00:00] [INFO] run git command stdout -->   origin/main
[2026/07/23 14:19:34.530 GMT+00:00] [INFO] run git command --> git checkout --progress --force -B main refs/remotes/origin/main
[2026/07/23 14:19:34.538 GMT+00:00] [INFO] run git command stdout --> branch 'main' set up to track 'origin/main'.

Removing auth >>>>>>>>>>>>>>>>>>>>>>>>>>>>>>>>>>>>>>>>>>>>>>>>>>>>>>>>>>>>>>>>>>>>>>>>>>>>>>>>>>>>>>>>>>>>>>>>>>>>>>>>>>>>>>>>>>>>>>>>>>>>>>>>>>>>>>>>>>>>>>>>>>>>>>>>>>>>>>>>>>>>>>>>>>>>>>>>>>>>>>>>>>
[2026/07/23 14:19:34.548 GMT+00:00] [INFO] Removing SSH command configuration
[2026/07/23 14:19:34.549 GMT+00:00] [INFO] run git command --> git config --local --name-only --get-regexp core\.sshCommand
[2026/07/23 14:19:34.553 GMT+00:00] [INFO] run git command --> git submodule foreach --recursive 'sh -c "git config --local --name-only --get-regexp 'core\.sshCommand' && git config --local --unset-all 'core.sshCommand' || :"'
[2026/07/23 14:19:34.576 GMT+00:00] [INFO] Removing HTTP extra header
[2026/07/23 14:19:34.576 GMT+00:00] [INFO] run git command --> git config --local --name-only --get-regexp http\.https\:\/\/gitcode\.com\/\.extraheader
[2026/07/23 14:19:34.581 GMT+00:00] [INFO] run git command --> git submodule foreach --recursive 'sh -c "git config --local --name-only --get-regexp 'http\.https\:\/\/gitcode\.com\/\.extraheader' && git config --local --unset-all 'http.https://gitcode.com/.extraheader' || :"'
[2026/07/23 14:19:34.605 GMT+00:00] [INFO] Removing includeIf entries pointing to credentials config files
[2026/07/23 14:19:34.632 GMT+00:00] [INFO] run git command --> git submodule foreach --recursive 'git config --local --show-origin --name-only --get-regexp remote.origin.url'


No shell specified, using platform default: default-bash
::debug::Script file created: /home/slave1/runner/workers/0.0.4.4.version/_temp/171224bf-061f-44bb-bfc7-e3347f00c2bb.sh
::debug::Executing: bash -e /home/slave1/runner/workers/0.0.4.4.version/_temp/171224bf-061f-44bb-bfc7-e3347f00c2bb.sh
::error::Process exited with code 1

No shell specified, using platform default: default-bash
::debug::Script file created: /home/slave1/runner/workers/0.0.4.4.version/_temp/50d5d8ab-bf43-4943-a68e-b6809424f4a7.sh
::debug::Executing: bash -e /home/slave1/runner/workers/0.0.4.4.version/_temp/50d5d8ab-bf43-4943-a68e-b6809424f4a7.sh
Cleanup ran after failure
