=== JOB: Write isolation markers (status=COMPLETED) ===
[2026/07/23 22:02:38.534 GMT+08:00] [INFO] Job(1529972031431122944_1529972031389179911) duration check: true
[2026/07/23 14:02:50.884 GMT+00:00] [INFO] repository dist full path is /home/slave1/runner/workers/0.0.4.4.version/worker_dir/ComputingActionTest/gitcode-test-0
Getting Git version info >>>>>>>>>>>>>>>>>>>>>>>>>>>>>>>>>>>>>>>>>>>>>>>>>>>>>>>>>>>>>>>>>>>>>>>>>>>>>>>>>>>>>>>>>>>>>>>>>>>>>>>>>>>>>>>>>>>>>>>>>>>>>>>>>>>>>>>>>>>>>>>>>>>>>>>>>>>>>>>>>>>>>>>>>>>>>>>
[2026/07/23 14:02:50.891 GMT+00:00] [INFO] run git command --> git version
[2026/07/23 14:02:50.900 GMT+00:00] [INFO] run git command stdout --> git version 2.43.0

[2026/07/23 14:02:50.902 GMT+00:00] [INFO] Deleting the contents of '/home/slave1/runner/workers/0.0.4.4.version/worker_dir/ComputingActionTest/gitcode-test-0'
initialize git repository >>>>>>>>>>>>>>>>>>>>>>>>>>>>>>>>>>>>>>>>>>>>>>>>>>>>>>>>>>>>>>>>>>>>>>>>>>>>>>>>>>>>>>>>>>>>>>>>>>>>>>>>>>>>>>>>>>>>>>>>>>>>>>>>>>>>>>>>>>>>>>>>>>>>>>>>>>>>>>>>>>>>>>>>>>>>>>
[2026/07/23 14:02:50.903 GMT+00:00] [INFO] run git command --> git init
[2026/07/23 14:02:50.909 GMT+00:00] [INFO] run git command stdout --> Initialized empty Git repository in /home/slave1/runner/workers/0.0.4.4.version/worker_dir/ComputingActionTest/gitcode-test-0/.git/
[2026/07/23 14:02:50.910 GMT+00:00] [INFO] run git command --> git remote add origin https://gitcode.com/ComputingActionTest/gitcode-test-0.git
[2026/07/23 14:02:50.913 GMT+00:00] [INFO] git repository initialized at /home/slave1/runner/workers/0.0.4.4.version/worker_dir/ComputingActionTest/gitcode-test-0

Disabling automatic garbage collection >>>>>>>>>>>>>>>>>>>>>>>>>>>>>>>>>>>>>>>>>>>>>>>>>>>>>>>>>>>>>>>>>>>>>>>>>>>>>>>>>>>>>>>>>>>>>>>>>>>>>>>>>>>>>>>>>>>>>>>>>>>>>>>>>>>>>>>>>>>>>>>>>>>>>>>>>>>>>>>>>
[2026/07/23 14:02:50.914 GMT+00:00] [INFO] run git command --> git config --local gc.auto 0

Setting up auth >>>>>>>>>>>>>>>>>>>>>>>>>>>>>>>>>>>>>>>>>>>>>>>>>>>>>>>>>>>>>>>>>>>>>>>>>>>>>>>>>>>>>>>>>>>>>>>>>>>>>>>>>>>>>>>>>>>>>>>>>>>>>>>>>>>>>>>>>>>>>>>>>>>>>>>>>>>>>>>>>>>>>>>>>>>>>>>>>>>>>>>>
[2026/07/23 14:02:50.918 GMT+00:00] [INFO] Removing SSH command configuration
[2026/07/23 14:02:50.918 GMT+00:00] [INFO] run git command --> git config --local --name-only --get-regexp core\.sshCommand
[2026/07/23 14:02:50.922 GMT+00:00] [INFO] run git command --> git submodule foreach --recursive 'sh -c "git config --local --name-only --get-regexp 'core\.sshCommand' && git config --local --unset-all 'core.sshCommand' || :"'
[2026/07/23 14:02:50.944 GMT+00:00] [INFO] Removing HTTP extra header
[2026/07/23 14:02:50.945 GMT+00:00] [INFO] run git command --> git config --local --name-only --get-regexp http\.https\:\/\/gitcode\.com\/\.extraheader
[2026/07/23 14:02:50.950 GMT+00:00] [INFO] run git command --> git submodule foreach --recursive 'sh -c "git config --local --name-only --get-regexp 'http\.https\:\/\/gitcode\.com\/\.extraheader' && git config --local --unset-all 'http.https://gitcode.com/.extraheader' || :"'
[2026/07/23 14:02:50.970 GMT+00:00] [INFO] Removing includeIf entries pointing to credentials config files
[2026/07/23 14:02:50.979 GMT+00:00] [INFO] run git command --> git submodule foreach --recursive 'git config --local --show-origin --name-only --get-regexp remote.origin.url'
[2026/07/23 14:02:50.999 GMT+00:00] [INFO] configuring token
[2026/07/23 14:02:51.006 GMT+00:00] [INFO] configuring token config local

Start fetch git repo >>>>>>>>>>>>>>>>>>>>>>>>>>>>>>>>>>>>>>>>>>>>>>>>>>>>>>>>>>>>>>>>>>>>>>>>>>>>>>>>>>>>>>>>>>>>>>>>>>>>>>>>>>>>>>>>>>>>>>>>>>>>>>>>>>>>>>>>>>>>>>>>>>>>>>>>>>>>>>>>>>>>>>>>>>>>>>>>>>>
[2026/07/23 14:02:51.018 GMT+00:00] [INFO] run git command --> git -c protocol.version=2 fetch --no-tags --prune --no-recurse-submodules --progress --depth=1 origin +refs/heads/main*:refs/remotes/origin/main* +refs/tags/main*:refs/tags/main*

Checking out the ref >>>>>>>>>>>>>>>>>>>>>>>>>>>>>>>>>>>>>>>>>>>>>>>>>>>>>>>>>>>>>>>>>>>>>>>>>>>>>>>>>>>>>>>>>>>>>>>>>>>>>>>>>>>>>>>>>>>>>>>>>>>>>>>>>>>>>>>>>>>>>>>>>>>>>>>>>>>>>>>>>>>>>>>>>>>>>>>>>>>
[2026/07/23 14:02:51.498 GMT+00:00] [INFO] run git command --> git branch --list --remote origin/main
[2026/07/23 14:02:51.502 GMT+00:00] [INFO] run git command stdout -->   origin/main
[2026/07/23 14:02:51.503 GMT+00:00] [INFO] run git command --> git checkout --progress --force -B main refs/remotes/origin/main
[2026/07/23 14:02:51.509 GMT+00:00] [INFO] run git command stdout --> branch 'main' set up to track 'origin/main'.

Removing auth >>>>>>>>>>>>>>>>>>>>>>>>>>>>>>>>>>>>>>>>>>>>>>>>>>>>>>>>>>>>>>>>>>>>>>>>>>>>>>>>>>>>>>>>>>>>>>>>>>>>>>>>>>>>>>>>>>>>>>>>>>>>>>>>>>>>>>>>>>>>>>>>>>>>>>>>>>>>>>>>>>>>>>>>>>>>>>>>>>>>>>>>>>
[2026/07/23 14:02:51.518 GMT+00:00] [INFO] Removing SSH command configuration
[2026/07/23 14:02:51.519 GMT+00:00] [INFO] run git command --> git config --local --name-only --get-regexp core\.sshCommand
[2026/07/23 14:02:51.522 GMT+00:00] [INFO] run git command --> git submodule foreach --recursive 'sh -c "git config --local --name-only --get-regexp 'core\.sshCommand' && git config --local --unset-all 'core.sshCommand' || :"'
[2026/07/23 14:02:51.544 GMT+00:00] [INFO] Removing HTTP extra header
[2026/07/23 14:02:51.544 GMT+00:00] [INFO] run git command --> git config --local --name-only --get-regexp http\.https\:\/\/gitcode\.com\/\.extraheader
[2026/07/23 14:02:51.548 GMT+00:00] [INFO] run git command --> git submodule foreach --recursive 'sh -c "git config --local --name-only --get-regexp 'http\.https\:\/\/gitcode\.com\/\.extraheader' && git config --local --unset-all 'http.https://gitcode.com/.extraheader' || :"'
[2026/07/23 14:02:51.569 GMT+00:00] [INFO] Removing includeIf entries pointing to credentials config files
[2026/07/23 14:02:51.596 GMT+00:00] [INFO] run git command --> git submodule foreach --recursive 'git config --local --show-origin --name-only --get-regexp remote.origin.url'


No shell specified, using platform default: default-bash
::debug::Script file created: /home/slave1/runner/workers/0.0.4.4.version/_temp/41142bf8-d480-4157-b215-cd020a4e2017.sh
::debug::Executing: bash -e /home/slave1/runner/workers/0.0.4.4.version/_temp/41142bf8-d480-4157-b215-cd020a4e2017.sh

No shell specified, using platform default: default-bash
::debug::Script file created: /home/slave1/runner/workers/0.0.4.4.version/_temp/9a970376-3bd7-4f0b-a58b-ccd91cfcd239.sh
::debug::Executing: bash -e /home/slave1/runner/workers/0.0.4.4.version/_temp/9a970376-3bd7-4f0b-a58b-ccd91cfcd239.sh

No shell specified, using platform default: default-bash
::debug::Script file created: /home/slave1/runner/workers/0.0.4.4.version/_temp/e5fc42a3-5c6c-456c-86fc-a9b7789221ea.sh
::debug::Executing: bash -e /home/slave1/runner/workers/0.0.4.4.version/_temp/e5fc42a3-5c6c-456c-86fc-a9b7789221ea.sh


=== JOB: Verify isolation from job A (status=COMPLETED) ===
[2026/07/23 22:02:56.442 GMT+08:00] [INFO] Job(1529972031431122944_1529972031389179913) duration check: true
[2026/07/23 14:03:09.235 GMT+00:00] [INFO] repository dist full path is /home/slave1/runner/workers/0.0.4.4.version/worker_dir/ComputingActionTest/gitcode-test-0
Getting Git version info >>>>>>>>>>>>>>>>>>>>>>>>>>>>>>>>>>>>>>>>>>>>>>>>>>>>>>>>>>>>>>>>>>>>>>>>>>>>>>>>>>>>>>>>>>>>>>>>>>>>>>>>>>>>>>>>>>>>>>>>>>>>>>>>>>>>>>>>>>>>>>>>>>>>>>>>>>>>>>>>>>>>>>>>>>>>>>>
[2026/07/23 14:03:09.241 GMT+00:00] [INFO] run git command --> git version
[2026/07/23 14:03:09.249 GMT+00:00] [INFO] run git command stdout --> git version 2.43.0

[2026/07/23 14:03:09.250 GMT+00:00] [INFO] Deleting the contents of '/home/slave1/runner/workers/0.0.4.4.version/worker_dir/ComputingActionTest/gitcode-test-0'
initialize git repository >>>>>>>>>>>>>>>>>>>>>>>>>>>>>>>>>>>>>>>>>>>>>>>>>>>>>>>>>>>>>>>>>>>>>>>>>>>>>>>>>>>>>>>>>>>>>>>>>>>>>>>>>>>>>>>>>>>>>>>>>>>>>>>>>>>>>>>>>>>>>>>>>>>>>>>>>>>>>>>>>>>>>>>>>>>>>>
[2026/07/23 14:03:09.251 GMT+00:00] [INFO] run git command --> git init
[2026/07/23 14:03:09.257 GMT+00:00] [INFO] run git command stdout --> Initialized empty Git repository in /home/slave1/runner/workers/0.0.4.4.version/worker_dir/ComputingActionTest/gitcode-test-0/.git/
[2026/07/23 14:03:09.259 GMT+00:00] [INFO] run git command --> git remote add origin https://gitcode.com/ComputingActionTest/gitcode-test-0.git
[2026/07/23 14:03:09.263 GMT+00:00] [INFO] git repository initialized at /home/slave1/runner/workers/0.0.4.4.version/worker_dir/ComputingActionTest/gitcode-test-0

Disabling automatic garbage collection >>>>>>>>>>>>>>>>>>>>>>>>>>>>>>>>>>>>>>>>>>>>>>>>>>>>>>>>>>>>>>>>>>>>>>>>>>>>>>>>>>>>>>>>>>>>>>>>>>>>>>>>>>>>>>>>>>>>>>>>>>>>>>>>>>>>>>>>>>>>>>>>>>>>>>>>>>>>>>>>>
[2026/07/23 14:03:09.264 GMT+00:00] [INFO] run git command --> git config --local gc.auto 0

Setting up auth >>>>>>>>>>>>>>>>>>>>>>>>>>>>>>>>>>>>>>>>>>>>>>>>>>>>>>>>>>>>>>>>>>>>>>>>>>>>>>>>>>>>>>>>>>>>>>>>>>>>>>>>>>>>>>>>>>>>>>>>>>>>>>>>>>>>>>>>>>>>>>>>>>>>>>>>>>>>>>>>>>>>>>>>>>>>>>>>>>>>>>>>
[2026/07/23 14:03:09.268 GMT+00:00] [INFO] Removing SSH command configuration
[2026/07/23 14:03:09.269 GMT+00:00] [INFO] run git command --> git config --local --name-only --get-regexp core\.sshCommand
[2026/07/23 14:03:09.273 GMT+00:00] [INFO] run git command --> git submodule foreach --recursive 'sh -c "git config --local --name-only --get-regexp 'core\.sshCommand' && git config --local --unset-all 'core.sshCommand' || :"'
[2026/07/23 14:03:09.294 GMT+00:00] [INFO] Removing HTTP extra header
[2026/07/23 14:03:09.294 GMT+00:00] [INFO] run git command --> git config --local --name-only --get-regexp http\.https\:\/\/gitcode\.com\/\.extraheader
[2026/07/23 14:03:09.298 GMT+00:00] [INFO] run git command --> git submodule foreach --recursive 'sh -c "git config --local --name-only --get-regexp 'http\.https\:\/\/gitcode\.com\/\.extraheader' && git config --local --unset-all 'http.https://gitcode.com/.extraheader' || :"'
[2026/07/23 14:03:09.320 GMT+00:00] [INFO] Removing includeIf entries pointing to credentials config files
[2026/07/23 14:03:09.328 GMT+00:00] [INFO] run git command --> git submodule foreach --recursive 'git config --local --show-origin --name-only --get-regexp remote.origin.url'
[2026/07/23 14:03:09.351 GMT+00:00] [INFO] configuring token
[2026/07/23 14:03:09.358 GMT+00:00] [INFO] configuring token config local

Start fetch git repo >>>>>>>>>>>>>>>>>>>>>>>>>>>>>>>>>>>>>>>>>>>>>>>>>>>>>>>>>>>>>>>>>>>>>>>>>>>>>>>>>>>>>>>>>>>>>>>>>>>>>>>>>>>>>>>>>>>>>>>>>>>>>>>>>>>>>>>>>>>>>>>>>>>>>>>>>>>>>>>>>>>>>>>>>>>>>>>>>>>
[2026/07/23 14:03:09.369 GMT+00:00] [INFO] run git command --> git -c protocol.version=2 fetch --no-tags --prune --no-recurse-submodules --progress --depth=1 origin +refs/heads/main*:refs/remotes/origin/main* +refs/tags/main*:refs/tags/main*

Checking out the ref >>>>>>>>>>>>>>>>>>>>>>>>>>>>>>>>>>>>>>>>>>>>>>>>>>>>>>>>>>>>>>>>>>>>>>>>>>>>>>>>>>>>>>>>>>>>>>>>>>>>>>>>>>>>>>>>>>>>>>>>>>>>>>>>>>>>>>>>>>>>>>>>>>>>>>>>>>>>>>>>>>>>>>>>>>>>>>>>>>>
[2026/07/23 14:03:09.835 GMT+00:00] [INFO] run git command --> git branch --list --remote origin/main
[2026/07/23 14:03:09.838 GMT+00:00] [INFO] run git command stdout -->   origin/main
[2026/07/23 14:03:09.839 GMT+00:00] [INFO] run git command --> git checkout --progress --force -B main refs/remotes/origin/main
[2026/07/23 14:03:09.845 GMT+00:00] [INFO] run git command stdout --> branch 'main' set up to track 'origin/main'.

Removing auth >>>>>>>>>>>>>>>>>>>>>>>>>>>>>>>>>>>>>>>>>>>>>>>>>>>>>>>>>>>>>>>>>>>>>>>>>>>>>>>>>>>>>>>>>>>>>>>>>>>>>>>>>>>>>>>>>>>>>>>>>>>>>>>>>>>>>>>>>>>>>>>>>>>>>>>>>>>>>>>>>>>>>>>>>>>>>>>>>>>>>>>>>>
[2026/07/23 14:03:09.854 GMT+00:00] [INFO] Removing SSH command configuration
[2026/07/23 14:03:09.855 GMT+00:00] [INFO] run git command --> git config --local --name-only --get-regexp core\.sshCommand
[2026/07/23 14:03:09.858 GMT+00:00] [INFO] run git command --> git submodule foreach --recursive 'sh -c "git config --local --name-only --get-regexp 'core\.sshCommand' && git config --local --unset-all 'core.sshCommand' || :"'
[2026/07/23 14:03:09.880 GMT+00:00] [INFO] Removing HTTP extra header
[2026/07/23 14:03:09.880 GMT+00:00] [INFO] run git command --> git config --local --name-only --get-regexp http\.https\:\/\/gitcode\.com\/\.extraheader
[2026/07/23 14:03:09.884 GMT+00:00] [INFO] run git command --> git submodule foreach --recursive 'sh -c "git config --local --name-only --get-regexp 'http\.https\:\/\/gitcode\.com\/\.extraheader' && git config --local --unset-all 'http.https://gitcode.com/.extraheader' || :"'
[2026/07/23 14:03:09.907 GMT+00:00] [INFO] Removing includeIf entries pointing to credentials config files
[2026/07/23 14:03:09.933 GMT+00:00] [INFO] run git command --> git submodule foreach --recursive 'git config --local --show-origin --name-only --get-regexp remote.origin.url'


No shell specified, using platform default: default-bash
::debug::Script file created: /home/slave1/runner/workers/0.0.4.4.version/_temp/93a05410-449d-4274-b398-33749ea9db85.sh
::debug::Executing: bash -e /home/slave1/runner/workers/0.0.4.4.version/_temp/93a05410-449d-4274-b398-33749ea9db85.sh
WORKSPACE_ISOLATED_OK

No shell specified, using platform default: default-bash
::debug::Script file created: /home/slave1/runner/workers/0.0.4.4.version/_temp/e9a59ee9-1ef0-41ab-8a0d-be93e4320443.sh
::debug::Executing: bash -e /home/slave1/runner/workers/0.0.4.4.version/_temp/e9a59ee9-1ef0-41ab-8a0d-be93e4320443.sh
TMP_ISOLATED_OK

No shell specified, using platform default: default-bash
::debug::Script file created: /home/slave1/runner/workers/0.0.4.4.version/_temp/cf04efd1-fd83-4e47-a568-1613f4150940.sh
::debug::Executing: bash -e /home/slave1/runner/workers/0.0.4.4.version/_temp/cf04efd1-fd83-4e47-a568-1613f4150940.sh
NO_ORPHAN_PROCESS_OK
