=== JOB: Verify repository permission works (status=COMPLETED) ===
[2026/07/23 22:04:26.369 GMT+08:00] [INFO] Job(1529972484109897728_1529972484084731911) duration check: true
[2026/07/23 14:04:37.887 GMT+00:00] [INFO] repository dist full path is /home/slave1/runner/workers/0.0.4.4.version/worker_dir/ComputingActionTest/gitcode-test-4
Getting Git version info >>>>>>>>>>>>>>>>>>>>>>>>>>>>>>>>>>>>>>>>>>>>>>>>>>>>>>>>>>>>>>>>>>>>>>>>>>>>>>>>>>>>>>>>>>>>>>>>>>>>>>>>>>>>>>>>>>>>>>>>>>>>>>>>>>>>>>>>>>>>>>>>>>>>>>>>>>>>>>>>>>>>>>>>>>>>>>>
[2026/07/23 14:04:37.892 GMT+00:00] [INFO] run git command --> git version
[2026/07/23 14:04:37.899 GMT+00:00] [INFO] run git command stdout --> git version 2.43.0

[2026/07/23 14:04:37.901 GMT+00:00] [INFO] Deleting the contents of '/home/slave1/runner/workers/0.0.4.4.version/worker_dir/ComputingActionTest/gitcode-test-4'
initialize git repository >>>>>>>>>>>>>>>>>>>>>>>>>>>>>>>>>>>>>>>>>>>>>>>>>>>>>>>>>>>>>>>>>>>>>>>>>>>>>>>>>>>>>>>>>>>>>>>>>>>>>>>>>>>>>>>>>>>>>>>>>>>>>>>>>>>>>>>>>>>>>>>>>>>>>>>>>>>>>>>>>>>>>>>>>>>>>>
[2026/07/23 14:04:37.902 GMT+00:00] [INFO] run git command --> git init
[2026/07/23 14:04:37.908 GMT+00:00] [INFO] run git command stdout --> Initialized empty Git repository in /home/slave1/runner/workers/0.0.4.4.version/worker_dir/ComputingActionTest/gitcode-test-4/.git/
[2026/07/23 14:04:37.908 GMT+00:00] [INFO] run git command --> git remote add origin https://gitcode.com/ComputingActionTest/gitcode-test-4.git
[2026/07/23 14:04:37.912 GMT+00:00] [INFO] git repository initialized at /home/slave1/runner/workers/0.0.4.4.version/worker_dir/ComputingActionTest/gitcode-test-4

Disabling automatic garbage collection >>>>>>>>>>>>>>>>>>>>>>>>>>>>>>>>>>>>>>>>>>>>>>>>>>>>>>>>>>>>>>>>>>>>>>>>>>>>>>>>>>>>>>>>>>>>>>>>>>>>>>>>>>>>>>>>>>>>>>>>>>>>>>>>>>>>>>>>>>>>>>>>>>>>>>>>>>>>>>>>>
[2026/07/23 14:04:37.912 GMT+00:00] [INFO] run git command --> git config --local gc.auto 0

Setting up auth >>>>>>>>>>>>>>>>>>>>>>>>>>>>>>>>>>>>>>>>>>>>>>>>>>>>>>>>>>>>>>>>>>>>>>>>>>>>>>>>>>>>>>>>>>>>>>>>>>>>>>>>>>>>>>>>>>>>>>>>>>>>>>>>>>>>>>>>>>>>>>>>>>>>>>>>>>>>>>>>>>>>>>>>>>>>>>>>>>>>>>>>
[2026/07/23 14:04:37.916 GMT+00:00] [INFO] Removing SSH command configuration
[2026/07/23 14:04:37.916 GMT+00:00] [INFO] run git command --> git config --local --name-only --get-regexp core\.sshCommand
[2026/07/23 14:04:37.920 GMT+00:00] [INFO] run git command --> git submodule foreach --recursive 'sh -c "git config --local --name-only --get-regexp 'core\.sshCommand' && git config --local --unset-all 'core.sshCommand' || :"'
[2026/07/23 14:04:37.939 GMT+00:00] [INFO] Removing HTTP extra header
[2026/07/23 14:04:37.939 GMT+00:00] [INFO] run git command --> git config --local --name-only --get-regexp http\.https\:\/\/gitcode\.com\/\.extraheader
[2026/07/23 14:04:37.942 GMT+00:00] [INFO] run git command --> git submodule foreach --recursive 'sh -c "git config --local --name-only --get-regexp 'http\.https\:\/\/gitcode\.com\/\.extraheader' && git config --local --unset-all 'http.https://gitcode.com/.extraheader' || :"'
[2026/07/23 14:04:37.961 GMT+00:00] [INFO] Removing includeIf entries pointing to credentials config files
[2026/07/23 14:04:37.969 GMT+00:00] [INFO] run git command --> git submodule foreach --recursive 'git config --local --show-origin --name-only --get-regexp remote.origin.url'
[2026/07/23 14:04:37.987 GMT+00:00] [INFO] configuring token
[2026/07/23 14:04:37.993 GMT+00:00] [INFO] configuring token config local

Start fetch git repo >>>>>>>>>>>>>>>>>>>>>>>>>>>>>>>>>>>>>>>>>>>>>>>>>>>>>>>>>>>>>>>>>>>>>>>>>>>>>>>>>>>>>>>>>>>>>>>>>>>>>>>>>>>>>>>>>>>>>>>>>>>>>>>>>>>>>>>>>>>>>>>>>>>>>>>>>>>>>>>>>>>>>>>>>>>>>>>>>>>
[2026/07/23 14:04:38.003 GMT+00:00] [INFO] run git command --> git -c protocol.version=2 fetch --no-tags --prune --no-recurse-submodules --progress --depth=1 origin +refs/heads/main*:refs/remotes/origin/main* +refs/tags/main*:refs/tags/main*

Checking out the ref >>>>>>>>>>>>>>>>>>>>>>>>>>>>>>>>>>>>>>>>>>>>>>>>>>>>>>>>>>>>>>>>>>>>>>>>>>>>>>>>>>>>>>>>>>>>>>>>>>>>>>>>>>>>>>>>>>>>>>>>>>>>>>>>>>>>>>>>>>>>>>>>>>>>>>>>>>>>>>>>>>>>>>>>>>>>>>>>>>>
[2026/07/23 14:04:38.530 GMT+00:00] [INFO] run git command --> git branch --list --remote origin/main
[2026/07/23 14:04:38.533 GMT+00:00] [INFO] run git command stdout -->   origin/main
[2026/07/23 14:04:38.534 GMT+00:00] [INFO] run git command --> git checkout --progress --force -B main refs/remotes/origin/main
[2026/07/23 14:04:38.539 GMT+00:00] [INFO] run git command stdout --> branch 'main' set up to track 'origin/main'.

Removing auth >>>>>>>>>>>>>>>>>>>>>>>>>>>>>>>>>>>>>>>>>>>>>>>>>>>>>>>>>>>>>>>>>>>>>>>>>>>>>>>>>>>>>>>>>>>>>>>>>>>>>>>>>>>>>>>>>>>>>>>>>>>>>>>>>>>>>>>>>>>>>>>>>>>>>>>>>>>>>>>>>>>>>>>>>>>>>>>>>>>>>>>>>>
[2026/07/23 14:04:38.548 GMT+00:00] [INFO] Removing SSH command configuration
[2026/07/23 14:04:38.548 GMT+00:00] [INFO] run git command --> git config --local --name-only --get-regexp core\.sshCommand
[2026/07/23 14:04:38.551 GMT+00:00] [INFO] run git command --> git submodule foreach --recursive 'sh -c "git config --local --name-only --get-regexp 'core\.sshCommand' && git config --local --unset-all 'core.sshCommand' || :"'
[2026/07/23 14:04:38.570 GMT+00:00] [INFO] Removing HTTP extra header
[2026/07/23 14:04:38.571 GMT+00:00] [INFO] run git command --> git config --local --name-only --get-regexp http\.https\:\/\/gitcode\.com\/\.extraheader
[2026/07/23 14:04:38.574 GMT+00:00] [INFO] run git command --> git submodule foreach --recursive 'sh -c "git config --local --name-only --get-regexp 'http\.https\:\/\/gitcode\.com\/\.extraheader' && git config --local --unset-all 'http.https://gitcode.com/.extraheader' || :"'
[2026/07/23 14:04:38.594 GMT+00:00] [INFO] Removing includeIf entries pointing to credentials config files
[2026/07/23 14:04:38.618 GMT+00:00] [INFO] run git command --> git submodule foreach --recursive 'git config --local --show-origin --name-only --get-regexp remote.origin.url'


No shell specified, using platform default: default-bash
::debug::Script file created: /home/slave1/runner/workers/0.0.4.4.version/_temp/a4891b7f-e216-4587-91dd-acfb9c9bfd8d.sh
::debug::Executing: bash -e /home/slave1/runner/workers/0.0.4.4.version/_temp/a4891b7f-e216-4587-91dd-acfb9c9bfd8d.sh
REPOSITORY_PERM_OK
