=== JOB: upload artifact job (status=FAILED) ===
[2026/07/23 22:24:54.483 GMT+08:00] [INFO] Job(1529977634954158080_1529977634916409351) duration check: true
No shell specified, using platform default: default-bash
::debug::Script file created: /home/slave1/runner/workers/0.0.4.4.version/_temp/2b2bd817-068c-4ab5-9d10-4f85b9025bbc.sh
::debug::Executing: bash -e /home/slave1/runner/workers/0.0.4.4.version/_temp/2b2bd817-068c-4ab5-9d10-4f85b9025bbc.sh
100+0 records in
100+0 records out
104857600 bytes (105 MB, 100 MiB) copied, 0.333898 s, 314 MB/s

::debug::Using workspace directory: /home/slave1/runner/workers/0.0.4.4.version/worker_dir/ComputingActionTest/gitcode-test-4
Uploading artifact "perf-artifact" from paths: /home/slave1/runner/workers/0.0.4.4.version/worker_dir/ComputingActionTest/gitcode-test-4/artifact.bin
::debug::followSymbolicLinks 'true'
::debug::implicitDescendants 'true'
::debug::matchDirectories 'true'
::debug::omitBrokenSymbolicLinks 'true'
::debug::followSymbolicLinks 'true'
::debug::implicitDescendants 'true'
::debug::matchDirectories 'true'
::debug::omitBrokenSymbolicLinks 'true'
::debug::Search path '/home/slave1/runner/workers/0.0.4.4.version/worker_dir/ComputingActionTest/gitcode-test-4/artifact.bin'
Found 1 file(s) to upload
::debug::[diagnostic] First 1 matched file(s): /home/slave1/runner/workers/0.0.4.4.version/worker_dir/ComputingActionTest/gitcode-test-4/artifact.bin
::debug::Resolved root directory: /home/slave1/runner/workers/0.0.4.4.version/worker_dir/ComputingActionTest/gitcode-test-4
Creating zip archive from 1 file(s)...
Zip archive progress tracking enabled (~100 MB source data)
Zip archive created: /tmp/artifact-1784816707118-368d6406.zip (~100 MB, 104889728 bytes)
Creating artifact "perf-artifact" (size: 104889728 bytes, workflow: 2604461c200e4c16b3eb4493b77328f5)...
[Twirp] trace-id: 15a18a736f54aaf0872160258f1c1128
[Twirp] error trace-id: 15a18a736f54aaf0872160258f1c1128
::debug::Temp zip file removed: /tmp/artifact-1784816707118-368d6406.zip
::error::Upload artifact failed: Artifact with name already exists: perf-artifact, repoId=10431338, workflowId=2604461c200e4c16b3eb4493b77328f5


=== JOB: download artifact job (status=IGNORED) ===
