=== JOB: fault injection network partition (status=COMPLETED) ===
[2026/07/23 22:28:39.155 GMT+08:00] [INFO] Job(1529978577598689280_1529978577577717767) duration check: true
No shell specified, using platform default: default-bash
::debug::Script file created: /home/slave1/runner/workers/0.0.4.4.version/_temp/9f2ac65c-70bb-4b3a-b290-1d758dbb7c1b.sh
::debug::Executing: bash -e /home/slave1/runner/workers/0.0.4.4.version/_temp/9f2ac65c-70bb-4b3a-b290-1d758dbb7c1b.sh
10+0 records in
10+0 records out
10485760 bytes (10 MB, 10 MiB) copied, 0.0335674 s, 312 MB/s

::debug::Using workspace directory: /home/slave1/runner/workers/0.0.4.4.version/worker_dir/ComputingActionTest/gitcode-test-4
Uploading artifact "net-fault-artifact" from paths: /home/slave1/runner/workers/0.0.4.4.version/worker_dir/ComputingActionTest/gitcode-test-4/artifact.bin
::debug::followSymbolicLinks 'true'
::debug::implicitDescendants 'true'
::debug::matchDirectories 'true'
::debug::omitBrokenSymbolicLinks 'true'
::debug::followSymbolicLinks 'true'
::debug::implicitDescendants 'true'
::debug::matchDirectories 'true'
::debug::omitBrokenSymbolicLinks 'true'
::debug::Search path '/home/slave1/runner/workers/0.0.4.4.version/worker_dir/ComputingActionTest/gitcode-test-4/artifact.bin'
Found 1 file(s) to upload
::debug::[diagnostic] First 1 matched file(s): /home/slave1/runner/workers/0.0.4.4.version/worker_dir/ComputingActionTest/gitcode-test-4/artifact.bin
::debug::Resolved root directory: /home/slave1/runner/workers/0.0.4.4.version/worker_dir/ComputingActionTest/gitcode-test-4
Creating zip archive from 1 file(s)...
Zip archive created: /tmp/artifact-1784816931991-fa0ea7b4.zip (~10 MB, 10489098 bytes)
Creating artifact "net-fault-artifact" (size: 10489098 bytes, workflow: 9cc44d40850241b4aa58705d88462e1c)...
[Twirp] trace-id: a8b986132aaaa3d8b0974fca320b0625
Artifact created with ID 206054968430592, upload mode: simple
Uploading artifact via simple PUT (~10 MB)...
Upload complete. SHA-256: 96a82fcb46014b1dae4f366dc3209c77b1c35e17e5fe84ea2a73e23a62d5582b
Finalizing artifact...
[Twirp] trace-id: ff4245c8643cfe9e412c9006a9834487
Artifact "net-fault-artifact" finalized successfully.
Fetching signed artifact URL...
[Twirp] trace-id: c2065fe1c2b16355f262b6cea6ff81ed
Signed artifact URL obtained.
::debug::Temp zip file removed: /tmp/artifact-1784816931991-fa0ea7b4.zip
Artifact "net-fault-artifact" uploaded successfully. ID: 206054968430592, Size: 10489098 bytes
Artifact portal URL: https://gitcode.com/ComputingActionTest/gitcode-test-4/actions/artifacts/206054968430592
