=== JOB: upload artifact job (status=COMPLETED) ===
[2026/07/23 22:25:15.777 GMT+08:00] [INFO] Job(1529977724519452672_1529977724494286855) duration check: true
No shell specified, using platform default: default-bash
::debug::Script file created: /home/slave1/runner/workers/0.0.4.4.version/_temp/c5c59c65-3e0e-47f1-88b4-5ee920e9f8fb.sh
::debug::Executing: bash -e /home/slave1/runner/workers/0.0.4.4.version/_temp/c5c59c65-3e0e-47f1-88b4-5ee920e9f8fb.sh
100+0 records in
100+0 records out
104857600 bytes (105 MB, 100 MiB) copied, 0.332445 s, 315 MB/s

::debug::Using workspace directory: /home/slave1/runner/workers/0.0.4.4.version/worker_dir/ComputingActionTest/gitcode-test-4
Uploading artifact "perf-artifact" from paths: /home/slave1/runner/workers/0.0.4.4.version/worker_dir/ComputingActionTest/gitcode-test-4/artifact.bin
::debug::followSymbolicLinks 'true'
::debug::implicitDescendants 'true'
::debug::matchDirectories 'true'
::debug::omitBrokenSymbolicLinks 'true'
::debug::followSymbolicLinks 'true'
::debug::implicitDescendants 'true'
::debug::matchDirectories 'true'
::debug::omitBrokenSymbolicLinks 'true'
::debug::Search path '/home/slave1/runner/workers/0.0.4.4.version/worker_dir/ComputingActionTest/gitcode-test-4/artifact.bin'
Found 1 file(s) to upload
::debug::[diagnostic] First 1 matched file(s): /home/slave1/runner/workers/0.0.4.4.version/worker_dir/ComputingActionTest/gitcode-test-4/artifact.bin
::debug::Resolved root directory: /home/slave1/runner/workers/0.0.4.4.version/worker_dir/ComputingActionTest/gitcode-test-4
Creating zip archive from 1 file(s)...
Zip archive progress tracking enabled (~100 MB source data)
Zip archive created: /tmp/artifact-1784816729497-69002377.zip (~100 MB, 104889728 bytes)
Creating artifact "perf-artifact" (size: 104889728 bytes, workflow: 37377f8b2720406ca6780f11c1fe26ed)...
[Twirp] trace-id: 20d62331ce38e6403bf0fa05d2a45b2f
Artifact created with ID 206054130524160, upload mode: multipart
Uploading artifact via multipart (partSize: 209715200 bytes, totalParts: 1)...
Artifact multipart upload started (~100 MB archive, 1 part(s))
Starting upload with concurrency: 1
::debug::Multipart upload: sending part 1/1 (~100 MB)...
Artifact multipart upload progress: ~100 MB (100% of ~100 MB)
::debug::Multipart upload: part 1/1 done, etag=e356f46507bb44ec6f210e86d9223d94, size=104889728
All parts uploaded. Completing multipart upload...
[Twirp] trace-id: 9c614c99e785c62f8fd1187c7b4a5951
Upload complete. SHA-256: 1ea78358c8a7c376db2f8d9b48f1124573a4019ffd56807a192778e4ec4abd2b
Finalizing artifact...
[Twirp] trace-id: b4ca68f8ca46decb8999decc700e2ff7
Artifact "perf-artifact" finalized successfully.
Fetching signed artifact URL...
[Twirp] trace-id: 1b8900ddcebd1426fc429d94ba99cf74
Signed artifact URL obtained.
::debug::Temp zip file removed: /tmp/artifact-1784816729497-69002377.zip
Artifact "perf-artifact" uploaded successfully. ID: 206054130524160, Size: 104889728 bytes
Artifact portal URL: https://gitcode.com/ComputingActionTest/gitcode-test-4/actions/artifacts/206054130524160


=== JOB: download artifact job (status=FAILED) ===
[2026/07/23 22:25:36.143 GMT+08:00] [INFO] Job(1529977724519452672_1529977724494286857) duration check: true
::debug::run-id input: '' (length: 0)
::debug::Resolved path is /home/slave1/runner/workers/0.0.4.4.version/worker_dir/ComputingActionTest/gitcode-test-4
::debug::Artifact client initialized for https://actions-results.atomgit.com
::debug::Resolved workflow id 37377f8b2720406ca6780f11c1fe26ed
Downloading single artifact
::debug::Listing artifacts for workflow 37377f8b2720406ca6780f11c1fe26ed with name filter "perf-artifact"
[Twirp] trace-id: 824eaa2a3e6751b13cae333dd90733ae
::debug::Found 1 artifact(s)
::debug::Found named artifact 'perf-artifact' (ID: 206054130524160, Size: 104889728)
Preparing to download the following artifacts:
- perf-artifact (ID: 206054130524160, Size: 104889728)
Fetching signed artifact URL for artifact 206054130524160...
[Twirp] trace-id: 3eb682d74496336156514e378da205cf
Signed artifact URL obtained.
Downloading artifact archive (~100 MB)...
Artifact download progress: ~50 MB (50% of ~100 MB)
Artifact download progress: ~100 MB (99% of ~100 MB)
Artifact download progress: ~100 MB (100% of ~100 MB)
::debug::Validating artifact digest for artifact 206054130524160
Extracting artifact archive to /home/slave1/runner/workers/0.0.4.4.version/worker_dir/ComputingActionTest/gitcode-test-4 (~100 MB)...
Artifact archive extracted to /home/slave1/runner/workers/0.0.4.4.version/worker_dir/ComputingActionTest/gitcode-test-4 (~100 MB, 104889728 bytes)
Artifact 206054130524160 downloaded to /home/slave1/runner/workers/0.0.4.4.version/worker_dir/ComputingActionTest/gitcode-test-4 (~100 MB, 104889728 bytes)
Total of 1 artifact(s) downloaded
Download artifact has finished successfully

No shell specified, using platform default: default-bash
::debug::Script file created: /home/slave1/runner/workers/0.0.4.4.version/_temp/b756726b-c25e-447c-b671-be1cbd6f80c9.sh
::debug::Executing: bash -e /home/slave1/runner/workers/0.0.4.4.version/_temp/b756726b-c25e-447c-b671-be1cbd6f80c9.sh
ls: cannot access 'perf-artifact': No such file or directory
::error::Process exited with code 2
